#
# A fatal error has been detected by the Java Runtime Environment:
#
#  EXCEPTION_ACCESS_VIOLATION (0xc0000005) at pc=0x00007ff9be4764c6, pid=11436, tid=12120
#
# JRE version: OpenJDK Runtime Environment Temurin-17.0.2+8 (17.0.2+8) (build 17.0.2+8)
# Java VM: OpenJDK 64-Bit Server VM Temurin-17.0.2+8 (17.0.2+8, mixed mode, emulated-client, tiered, compressed oops, compressed class ptrs, g1 gc, windows-amd64)
# Problematic frame:
# V  [jvm.dll+0x3864c6]
#
# No core dump will be written. Minidumps are not enabled by default on client versions of Windows
#
# If you would like to submit a bug report, please visit:
#   https://github.com/adoptium/adoptium-support/issues
#

---------------  S U M M A R Y ------------

Command Line: -Dcom.sun.management.jmxremote -Dcom.sun.management.jmxremote.port=64086 -Dcom.sun.management.jmxremote.authenticate=false -Dcom.sun.management.jmxremote.ssl=false -Djava.rmi.server.hostname=localhost -Dspring.jmx.enabled=true -Dspring.application.admin.enabled=true -XX:TieredStopAtLevel=1 -Dspring.boot.project.name=smartcontactmanager -Dfile.encoding=UTF-8 -XX:+ShowCodeDetailsInExceptionMessages com.smart.SmartcontactmanagerApplication --spring.output.ansi.enabled=always

Host: Intel(R) Core(TM) i3-2370M CPU @ 2.40GHz, 4 cores, 3G,  Windows 10 , 64 bit Build 19041 (10.0.19041.1889)
Time: Sun Sep 18 08:44:55 2022 Pacific Daylight Time elapsed time: 2334.860453 seconds (0d 0h 38m 54s)

---------------  T H R E A D  ---------------

Current thread (0x0000024327091760):  JavaThread "RMI TCP Connection(44)-127.0.0.1" daemon [_thread_in_vm, id=12120, stack(0x0000009b1f600000,0x0000009b1f700000)]

Stack: [0x0000009b1f600000,0x0000009b1f700000],  sp=0x0000009b1f6f73c0,  free space=988k
Native frames: (J=compiled Java code, j=interpreted, Vv=VM code, C=native code)
V  [jvm.dll+0x3864c6]
V  [jvm.dll+0x675572]
V  [jvm.dll+0x38711b]
V  [jvm.dll+0x3872e8]
V  [jvm.dll+0x7aa33a]
V  [jvm.dll+0x7ab562]
V  [jvm.dll+0x7ab898]
V  [jvm.dll+0x819c2e]
V  [jvm.dll+0x8197da]
V  [jvm.dll+0x754409]
V  [jvm.dll+0x754545]
V  [jvm.dll+0x7553d4]
V  [jvm.dll+0x825027]
V  [jvm.dll+0x821792]
V  [jvm.dll+0x81d2dc]
V  [jvm.dll+0x36f98c]
V  [jvm.dll+0x40b88e]
